app/build/intermediates/proguard-rules/release/aapt_rules.txt
# Referenced at processReleaseManifest\merged\AndroidManifest.xml:71
-keep class allinontech.vestium.Additem { <init>(...); }
# Referenced at processReleaseManifest\merged\AndroidManifest.xml:77
-keep class allinontech.vestium.Creatingpoll { <init>(...); }
# Referenced at processReleaseManifest\merged\AndroidManifest.xml:82
-keep class allinontech.vestium.DonationActivity { <init>(...); }
# Referenced at processReleaseManifest\merged\AndroidManifest.xml:75
-keep class allinontech.vestium.FriendWardrobe { <init>(...); }
# Referenced at processReleaseManifest\merged\AndroidManifest.xml:59
-keep class allinontech.vestium.HomeScreen { <init>(...); }
# Referenced at processReleaseManifest\merged\AndroidManifest.xml:62
-keep class allinontech.vestium.Introscreen { <init>(...); }
# Referenced at processReleaseManifest\merged\AndroidManifest.xml:78
-keep class allinontech.vestium.LaundryActivity { <init>(...); }
# Referenced at processReleaseManifest\merged\AndroidManifest.xml:56
-keep class allinontech.vestium.Login { <init>(...); }
# Referenced at processReleaseManifest\merged\AndroidManifest.xml:76
-keep class allinontech.vestium.SelectPublicWardrobe { <init>(...); }
# Referenced at processReleaseManifest\merged\AndroidManifest.xml:74
-keep class allinontech.vestium.Settings { <init>(...); }
# Referenced at processReleaseManifest\merged\AndroidManifest.xml:79
-keep class allinontech.vestium.Shopping { <init>(...); }
# Referenced at processReleaseManifest\merged\AndroidManifest.xml:80
-keep class allinontech.vestium.StyleTrends { <init>(...); }
# Referenced at processReleaseManifest\merged\AndroidManifest.xml:36
-keep class allinontech.vestium.Vestium { <init>(...); }
# Referenced at processReleaseManifest\merged\AndroidManifest.xml:72
-keep class allinontech.vestium.WardrobeActivity { <init>(...); }
# Referenced at processReleaseManifest\merged\AndroidManifest.xml:84
-keep class allinontech.vestium.addDonation { <init>(...); }
# Referenced at processReleaseManifest\merged\AndroidManifest.xml:81
-keep class allinontech.vestium.addLaundry { <init>(...); }
# Referenced at processReleaseManifest\merged\AndroidManifest.xml:73
-keep class allinontech.vestium.addnewlook { <init>(...); }
# Referenced at processReleaseManifest\merged\AndroidManifest.xml:83
-keep class allinontech.vestium.selectLook { <init>(...); }
# Referenced at processReleaseManifest\merged\AndroidManifest.xml:46
-keep class android.support.v4.content.FileProvider { <init>(...); }
# Referenced at processReleaseManifest\merged\AndroidManifest.xml:101
-keep class com.google.android.gms.auth.api.signin.RevocationBoundService { <init>(...); }
# Referenced at processReleaseManifest\merged\AndroidManifest.xml:92
-keep class com.google.android.gms.auth.api.signin.internal.SignInHubActivity { <init>(...); }
# Referenced at processReleaseManifest\merged\AndroidManifest.xml:161
-keep class com.google.android.gms.common.api.GoogleApiActivity { <init>(...); }
# Referenced at processReleaseManifest\merged\AndroidManifest.xml:119
-keep class com.google.android.gms.measurement.AppMeasurementInstallReferrerReceiver { <init>(...); }
# Referenced at processReleaseManifest\merged\AndroidManifest.xml:133
-keep class com.google.android.gms.measurement.AppMeasurementJobService { <init>(...); }
# Referenced at processReleaseManifest\merged\AndroidManifest.xml:114
-keep class com.google.android.gms.measurement.AppMeasurementReceiver { <init>(...); }
# Referenced at processReleaseManifest\merged\AndroidManifest.xml:129
-keep class com.google.android.gms.measurement.AppMeasurementService { <init>(...); }
# Referenced at processReleaseManifest\merged\AndroidManifest.xml:85
-keep class com.google.firebase.auth.internal.FederatedSignInActivity { <init>(...); }
# Referenced at processReleaseManifest\merged\AndroidManifest.xml:105
-keep class com.google.firebase.components.ComponentDiscoveryService { <init>(...); }
# Referenced at processReleaseManifest\merged\AndroidManifest.xml:139
-keep class com.google.firebase.iid.FirebaseInstanceIdReceiver { <init>(...); }
# Referenced at processReleaseManifest\merged\AndroidManifest.xml:153
-keep class com.google.firebase.iid.FirebaseInstanceIdService { <init>(...); }
# Referenced at processReleaseManifest\merged\AndroidManifest.xml:166
-keep class com.google.firebase.provider.FirebaseInitProvider { <init>(...); }
# Referenced at res\layout\single_wardrobe_category.xml:38
# Referenced at res\layout\homefragment.xml:163
# Referenced at res\layout\circlefragment.xml:72
-keep class allinontech.vestium.assets.VerticalTextView { <init>(...); }

# Referenced at res\layout\activity_save_article.xml:2
-keep class android.support.constraint.ConstraintLayout { <init>(...); }

# Referenced at res\layout\design_bottom_navigation_item.xml:26
-keep class android.support.design.internal.BaselineLayout { <init>(...); }

# Referenced at res\layout\design_navigation_item.xml:17
-keep class android.support.design.internal.NavigationMenuItemView { <init>(...); }

# Referenced at res\layout\design_navigation_menu.xml:17
-keep class android.support.design.internal.NavigationMenuView { <init>(...); }

# Referenced at res\layout\design_layout_snackbar_include.xml:18
-keep class android.support.design.internal.SnackbarContentLayout { <init>(...); }

# Referenced at res\layout\test.xml:16
# Referenced at res\layout\activity_home_screen.xml:23
-keep class android.support.design.widget.AppBarLayout { <init>(...); }

# Referenced at res\layout\design_text_input_password_icon.xml:18
-keep class android.support.design.widget.CheckableImageButton { <init>(...); }

# Referenced at res\layout\test.xml:1
# Referenced at res\layout\design_bottom_sheet_dialog.xml:26
# Referenced at res\layout\activity_home_screen.xml:19
-keep class android.support.design.widget.CoordinatorLayout { <init>(...); }

# Referenced at res\layout\circlefragment.xml:38
# Referenced at res\layout\activity_select_look.xml:9
# Referenced at res\layout\activity_creatingpoll.xml:9
# Referenced at res\layout\activity_addnewlook.xml:9
# Referenced at res\layout\activity_add_laundry.xml:9
# Referenced at res\layout\activity_add_donation.xml:9
-keep class android.support.design.widget.FloatingActionButton { <init>(...); }

# Referenced at res\layout\design_layout_snackbar.xml:18
-keep class android.support.design.widget.Snackbar$SnackbarLayout { <init>(...); }

# Referenced at res\layout\test.xml:25
# Referenced at res\layout\activity_home_screen.xml:30
-keep class android.support.design.widget.TabLayout { <init>(...); }

# Referenced at res\layout\activity_home_screen.xml:61
-keep class android.support.v4.view.ViewPager { <init>(...); }

# Referenced at res\layout\test.xml:7
# Referenced at res\layout\lookbookfragment.xml:1
# Referenced at res\layout\homefragment.xml:1
# Referenced at res\layout\fragment_notification.xml:1
# Referenced at res\layout\circlefragment.xml:1
# Referenced at res\layout\calendarfragment.xml:1
# Referenced at res\layout\activity_wardrobe.xml:2
# Referenced at res\layout\activity_settings.xml:2
# Referenced at res\layout\activity_select_public_wardrobe.xml:2
# Referenced at res\layout\activity_select_look.xml:20
# Referenced at res\layout\activity_laundry.xml:2
# Referenced at res\layout\activity_home_screen.xml:46
# Referenced at res\layout\activity_friend_wardrobe.xml:2
# Referenced at res\layout\activity_donation.xml:2
# Referenced at res\layout\activity_creatingpoll.xml:20
# Referenced at res\layout\activity_addnewlook.xml:20
# Referenced at res\layout\activity_add_laundry.xml:20
# Referenced at res\layout\activity_add_donation.xml:20
# Referenced at res\layout\abc_alert_dialog_material.xml:41
-keep class android.support.v4.widget.NestedScrollView { <init>(...); }

# Referenced at res\layout\abc_select_dialog_material.xml:23
-keep class android.support.v7.app.AlertController$RecycleListView { <init>(...); }

# Referenced at res\layout\abc_action_menu_item_layout.xml:17
-keep class android.support.v7.view.menu.ActionMenuItemView { <init>(...); }

# Referenced at res\layout\abc_expanded_menu_layout.xml:17
-keep class android.support.v7.view.menu.ExpandedMenuView { <init>(...); }

# Referenced at res\layout\abc_popup_menu_item_layout.xml:17
# Referenced at res\layout\abc_list_menu_item_layout.xml:17
-keep class android.support.v7.view.menu.ListMenuItemView { <init>(...); }

# Referenced at res\layout\abc_screen_toolbar.xml:27
-keep class android.support.v7.widget.ActionBarContainer { <init>(...); }

# Referenced at res\layout\abc_screen_toolbar.xml:43
# Referenced at res\layout\abc_action_mode_bar.xml:19
-keep class android.support.v7.widget.ActionBarContextView { <init>(...); }

# Referenced at res\layout\abc_screen_toolbar.xml:17
-keep class android.support.v7.widget.ActionBarOverlayLayout { <init>(...); }

# Referenced at res\layout\abc_action_menu_layout.xml:17
-keep class android.support.v7.widget.ActionMenuView { <init>(...); }

# Referenced at res\layout\abc_activity_chooser_view.xml:19
-keep class android.support.v7.widget.ActivityChooserView$InnerLayout { <init>(...); }

# Referenced at res\layout\abc_alert_dialog_material.xml:18
-keep class android.support.v7.widget.AlertDialogLayout { <init>(...); }

# Referenced at res\layout\abc_alert_dialog_button_bar_material.xml:26
-keep class android.support.v7.widget.ButtonBarLayout { <init>(...); }

# Referenced at res\layout\single_wardrobe_item.xml:8
# Referenced at res\layout\single_wardrobe_category.xml:7
# Referenced at res\layout\single_styletrends_item.xml:9
# Referenced at res\layout\single_shopping_item.xml:8
# Referenced at res\layout\single_poll_list_item.xml:9
# Referenced at res\layout\single_lookbook_item.xml:9
# Referenced at res\layout\single_friend_item.xml:8
# Referenced at res\layout\single_current_poll_item.xml:8
# Referenced at res\layout\single_circle_poll.xml:7
# Referenced at res\layout\single_calendar_look.xml:9
# Referenced at res\layout\homefragment.xml:27
# Referenced at res\layout\activity_additem.xml:49
-keep class android.support.v7.widget.CardView { <init>(...); }

# Referenced at res\layout\abc_screen_content_include.xml:19
-keep class android.support.v7.widget.ContentFrameLayout { <init>(...); }

# Referenced at res\layout\abc_alert_dialog_title_material.xml:45
-keep class android.support.v7.widget.DialogTitle { <init>(...); }

# Referenced at res\layout\abc_screen_simple_overlay_action_mode.xml:23
-keep class android.support.v7.widget.FitWindowsFrameLayout { <init>(...); }

# Referenced at res\layout\abc_screen_simple.xml:17
# Referenced at res\layout\abc_dialog_title_material.xml:22
-keep class android.support.v7.widget.FitWindowsLinearLayout { <init>(...); }

# Referenced at res\layout\single_wardrobe_category.xml:61
# Referenced at res\layout\single_circle_poll.xml:33
# Referenced at res\layout\lookbookfragment.xml:29
# Referenced at res\layout\homefragment.xml:214
# Referenced at res\layout\circlefragment.xml:104
# Referenced at res\layout\calendarfragment.xml:31
# Referenced at res\layout\activity_wardrobe.xml:44
# Referenced at res\layout\activity_style_trends.xml:39
# Referenced at res\layout\activity_shopping.xml:38
# Referenced at res\layout\activity_select_public_wardrobe.xml:45
# Referenced at res\layout\activity_select_look.xml:58
# Referenced at res\layout\activity_laundry.xml:57
# Referenced at res\layout\activity_friend_wardrobe.xml:45
# Referenced at res\layout\activity_donation.xml:57
# Referenced at res\layout\activity_creatingpoll.xml:58
# Referenced at res\layout\activity_addnewlook.xml:76
# Referenced at res\layout\activity_add_laundry.xml:58
# Referenced at res\layout\activity_add_donation.xml:58
-keep class android.support.v7.widget.RecyclerView { <init>(...); }

# Referenced at res\layout\abc_search_view.xml:75
-keep class android.support.v7.widget.SearchView$SearchAutoComplete { <init>(...); }

# Referenced at res\layout\activity_settings.xml:116
-keep class android.support.v7.widget.SwitchCompat { <init>(...); }

# Referenced at res\layout-v26\abc_screen_toolbar.xml:37
# Referenced at res\layout\test.xml:20
# Referenced at res\layout\activity_wardrobe.xml:33
# Referenced at res\layout\activity_style_trends.xml:29
# Referenced at res\layout\activity_shopping.xml:28
# Referenced at res\layout\activity_settings.xml:33
# Referenced at res\layout\activity_select_public_wardrobe.xml:34
# Referenced at res\layout\activity_select_look.xml:47
# Referenced at res\layout\activity_laundry.xml:33
# Referenced at res\layout\activity_friend_wardrobe.xml:34
# Referenced at res\layout\activity_donation.xml:33
# Referenced at res\layout\activity_creatingpoll.xml:47
# Referenced at res\layout\activity_addnewlook.xml:47
# Referenced at res\layout\activity_additem.xml:28
# Referenced at res\layout\activity_add_laundry.xml:47
# Referenced at res\layout\activity_add_donation.xml:47
# Referenced at res\layout\abc_screen_toolbar.xml:36
-keep class android.support.v7.widget.Toolbar { <init>(...); }

# Referenced at res\layout\abc_screen_simple_overlay_action_mode.xml:32
# Referenced at res\layout\abc_screen_simple.xml:25
-keep class android.support.v7.widget.ViewStubCompat { <init>(...); }

# Referenced at res\layout\abc_alert_dialog_title_material.xml:56
# Referenced at res\layout\abc_alert_dialog_material.xml:52
# Referenced at res\layout\abc_alert_dialog_button_bar_material.xml:43
-keep class android.widget.Space { <init>(...); }

# Referenced at res\layout\popup_photo_full.xml:12
-keep class com.github.chrisbanes.photoview.PhotoView { <init>(...); }

# Referenced at res\layout\activity_addnewlook.xml:57
# Referenced at res\layout\activity_additem.xml:69
-keep class com.github.florent37.materialtextfield.MaterialTextField { <init>(...); }