app/build/outputs/mapping/release/mapping.txt
com.google.android.gms.internal.measurement.zzfm -> com.google.android.gms.d.g.bf:
    void zza(java.lang.String,int,java.lang.Throwable,byte[],java.util.Map) -> a
com.google.android.gms.internal.measurement.zzfn -> com.google.android.gms.d.g.bg:
    com.google.android.gms.internal.measurement.zzfm zzajh -> a
    int status -> b
    java.lang.Throwable zzaji -> c
    byte[] zzajj -> d
    java.lang.String packageName -> e
    java.util.Map zzajk -> f
    void <init>(java.lang.String,com.google.android.gms.internal.measurement.zzfm,int,java.lang.Throwable,byte[],java.util.Map) -> <init>
    void run() -> run
    void <init>(java.lang.String,com.google.android.gms.internal.measurement.zzfm,int,java.lang.Throwable,byte[],java.util.Map,com.google.android.gms.internal.measurement.zzfl) -> <init>
com.google.android.gms.internal.measurement.zzfo -> com.google.android.gms.d.g.bh:
    java.net.URL url -> a
    byte[] zzajl -> b
    com.google.android.gms.internal.measurement.zzfm zzajm -> c
    java.lang.String packageName -> d
    java.util.Map zzajn -> e
    com.google.android.gms.internal.measurement.zzfk zzajo -> f
    void <init>(com.google.android.gms.internal.measurement.zzfk,java.lang.String,java.net.URL,byte[],java.util.Map,com.google.android.gms.internal.measurement.zzfm) -> <init>
    void run() -> run
com.google.android.gms.internal.measurement.zzfp -> com.google.android.gms.d.g.bi:
    java.lang.String zzaaw -> a
    com.google.android.gms.internal.measurement.zzjr zzajp -> b
    boolean zzaax -> c
    boolean zzaay -> d
    void <init>(com.google.android.gms.internal.measurement.zzjr) -> <init>
    void onReceive(android.content.Context,android.content.Intent) -> onReceive
    void zzeu() -> a
    void unregister() -> b
    com.google.android.gms.internal.measurement.zzjr zza(com.google.android.gms.internal.measurement.zzfp) -> a
    void <clinit>() -> <clinit>
com.google.android.gms.internal.measurement.zzfq -> com.google.android.gms.d.g.bj:
    boolean zzajq -> a
    com.google.android.gms.internal.measurement.zzfp zzajr -> b
    void <init>(com.google.android.gms.internal.measurement.zzfp,boolean) -> <init>
    void run() -> run
com.google.android.gms.internal.measurement.zzfr -> com.google.android.gms.d.g.bk:
    android.util.Pair zzajs -> a
    android.content.SharedPreferences zzabf -> r
    com.google.android.gms.internal.measurement.zzfv zzajt -> b
    com.google.android.gms.internal.measurement.zzfu zzaju -> c
    com.google.android.gms.internal.measurement.zzfu zzajv -> d
    com.google.android.gms.internal.measurement.zzfu zzajw -> e
    com.google.android.gms.internal.measurement.zzfu zzajx -> f
    com.google.android.gms.internal.measurement.zzfu zzajy -> g
    com.google.android.gms.internal.measurement.zzfu zzajz -> h
    com.google.android.gms.internal.measurement.zzfu zzaka -> i
    com.google.android.gms.internal.measurement.zzfw zzakb -> j
    java.lang.String zzakc -> s
    boolean zzakd -> t
    long zzake -> u
    java.lang.String zzakf -> v
    long zzakg -> w
    java.lang.Object zzakh -> x
    com.google.android.gms.internal.measurement.zzfu zzaki -> k
    com.google.android.gms.internal.measurement.zzfu zzakj -> l
    com.google.android.gms.internal.measurement.zzft zzakk -> m
    com.google.android.gms.internal.measurement.zzfu zzakl -> n
    com.google.android.gms.internal.measurement.zzfu zzakm -> o
    boolean zzakn -> p
    android.util.Pair zzbo(java.lang.String) -> a
    java.lang.String zzbp(java.lang.String) -> b
    void <init>(com.google.android.gms.internal.measurement.zzgl) -> <init>
    boolean zzhf() -> t
    void zzih() -> l_
com.google.android.gms.internal.measurement.zzfs -> com.google.android.gms.d.g.bl: