app/build/outputs/mapping/release/usage.txt
android.support.annotation.ColorLong
android.support.annotation.ColorRes
android.support.annotation.DimenRes
android.support.annotation.Dimension
android.support.annotation.DrawableRes
android.support.annotation.FloatRange
android.support.annotation.FontRes
android.support.annotation.FractionRes
android.support.annotation.GuardedBy
android.support.annotation.HalfFloat
android.support.annotation.IdRes
android.support.annotation.IntDef
android.support.annotation.IntRange
android.support.annotation.IntegerRes
android.support.annotation.InterpolatorRes
android.support.annotation.LayoutRes
android.support.annotation.LongDef
android.support.annotation.MainThread
android.support.annotation.MenuRes
android.support.annotation.NavigationRes
android.support.annotation.NonNull
android.support.annotation.Nullable
android.support.annotation.PluralsRes
android.support.annotation.Px
android.support.annotation.RawRes
android.support.annotation.RequiresApi
android.support.annotation.RequiresPermission
android.support.annotation.RequiresPermission$Read
android.support.annotation.RequiresPermission$Write
android.support.annotation.RestrictTo
android.support.annotation.RestrictTo$Scope
android.support.annotation.Size
android.support.annotation.StringDef
android.support.annotation.StringRes
android.support.annotation.StyleRes
android.support.annotation.StyleableRes
android.support.annotation.TransitionRes
android.support.annotation.UiThread
android.support.annotation.VisibleForTesting
android.support.annotation.WorkerThread
android.support.annotation.XmlRes
android.support.compat.R:
    10:10:private R()
android.support.compat.R$attr
android.support.compat.R$bool
android.support.compat.R$color
android.support.compat.R$dimen
android.support.compat.R$drawable
android.support.compat.R$id:
    79:79:private R$id()
android.support.compat.R$integer
android.support.compat.R$layout
android.support.compat.R$string
android.support.compat.R$style
android.support.compat.R$styleable:
    140:140:private R$styleable()
android.support.constraint.BuildConfig
android.support.constraint.ConstraintLayout:
    static final boolean ALLOWS_EMBEDDED
    public static final java.lang.String VERSION
    private static final java.lang.String TAG
    private static final boolean SIMPLE_LAYOUT
android.support.constraint.ConstraintLayout$LayoutParams:
    public static final int MATCH_CONSTRAINT
    public static final int PARENT_ID
    public static final int UNSET
    public static final int HORIZONTAL
    public static final int VERTICAL
    public static final int LEFT
    public static final int RIGHT
    public static final int TOP
    public static final int BOTTOM
    public static final int BASELINE
    public static final int START
    public static final int END
    public static final int MATCH_CONSTRAINT_WRAP
    public static final int MATCH_CONSTRAINT_SPREAD
    public static final int CHAIN_SPREAD
    public static final int CHAIN_SPREAD_INSIDE
    public static final int CHAIN_PACKED
    1355:1659:public ConstraintLayout$LayoutParams(android.support.constraint.ConstraintLayout$LayoutParams)